
00003-3023078233.png
speaker_logo.png
jawaban_benar.png
ekspresi_jawaban_benar.png
photo_6296434997128705450_m.jpg
speaker_logo.png
fix2.png
image-removebg-preview.png
encrypted_speaker_logo.png
ekspresi_jawabanbenar.png
arisitektur&flow-Flow.drawio (2).png
photo_6296434997128705450_m.jpg
photo_6296434997128705450_m.jpg
speaker_logo.png
2672-Article Text-10641-1-10-20230102.pdf
758-770-1-PB.pdf
1380-4189-1-PB.pdf
arisitektur&flow-Arsitektur.drawio.png
Learning_Tomato_Leaf_Dataset_using_Incep.pdf
Open Recruitment.png
